05.07.2025 - 09:46:22 - [TAB v5.2.1] Failed to enable. Did you just invent a new way to break the plugin by misconfiguring it?
05.07.2025 - 09:46:22 - java.lang.NullPointerException: null
05.07.2025 - 09:46:22 - 	at java.base/java.util.stream.ReferencePipeline$3$1.accept(ReferencePipeline.java:197)
05.07.2025 - 09:46:22 - 	at java.base/java.util.ArrayList$ArrayListSpliterator.forEachRemaining(ArrayList.java:1708)
05.07.2025 - 09:46:22 - 	at java.base/java.util.stream.AbstractPipeline.copyInto(AbstractPipeline.java:509)
05.07.2025 - 09:46:22 - 	at java.base/java.util.stream.AbstractPipeline.wrapAndCopyInto(AbstractPipeline.java:499)
05.07.2025 - 09:46:22 - 	at java.base/java.util.stream.ReduceOps$ReduceOp.evaluateSequential(ReduceOps.java:921)
05.07.2025 - 09:46:22 - 	at java.base/java.util.stream.AbstractPipeline.evaluate(AbstractPipeline.java:234)
05.07.2025 - 09:46:22 - 	at java.base/java.util.stream.ReferencePipeline.collect(ReferencePipeline.java:682)
05.07.2025 - 09:46:22 - 	at TAB v5.2.1.jar//me.neznamy.tab.shared.config.file.ConfigurationSection.getStringList(ConfigurationSection.java:87)
05.07.2025 - 09:46:22 - 	at TAB v5.2.1.jar//me.neznamy.tab.shared.features.scoreboard.ScoreboardConfiguration$ScoreboardDefinition.fromSection(ScoreboardConfiguration.java:106)
05.07.2025 - 09:46:22 - 	at TAB v5.2.1.jar//me.neznamy.tab.shared.features.scoreboard.ScoreboardConfiguration.fromSection(ScoreboardConfiguration.java:48)
05.07.2025 - 09:46:22 - 	at TAB v5.2.1.jar//me.neznamy.tab.shared.config.files.Config.<init>(Config.java:97)
05.07.2025 - 09:46:22 - 	at TAB v5.2.1.jar//me.neznamy.tab.shared.config.Configs.<init>(Configs.java:33)
05.07.2025 - 09:46:22 - 	at TAB v5.2.1.jar//me.neznamy.tab.shared.TAB.load(TAB.java:187)
05.07.2025 - 09:46:22 - 	at TAB v5.2.1.jar//me.neznamy.tab.shared.command.ReloadCommand.execute(ReloadCommand.java:24)
05.07.2025 - 09:46:22 - 	at TAB v5.2.1.jar//me.neznamy.tab.shared.command.TabCommand.execute(TabCommand.java:47)
05.07.2025 - 09:46:22 - 	at TAB v5.2.1.jar//me.neznamy.tab.platforms.bukkit.BukkitTabCommand.onCommand(BukkitTabCommand.java:35)
05.07.2025 - 09:46:22 - 	at org.bukkit.command.PluginCommand.execute(PluginCommand.java:45)
05.07.2025 - 09:46:22 - 	at io.papermc.paper.command.brigadier.bukkit.BukkitCommandNode$BukkitBrigCommand.run(BukkitCommandNode.java:82)
05.07.2025 - 09:46:22 - 	at com.mojang.brigadier.context.ContextChain.runExecutable(ContextChain.java:73)
05.07.2025 - 09:46:22 - 	at net.minecraft.commands.execution.tasks.ExecuteCommand.execute(ExecuteCommand.java:30)
05.07.2025 - 09:46:22 - 	at net.minecraft.commands.execution.tasks.ExecuteCommand.execute(ExecuteCommand.java:13)
05.07.2025 - 09:46:22 - 	at net.minecraft.commands.execution.UnboundEntryAction.lambda$bind$0(UnboundEntryAction.java:8)
05.07.2025 - 09:46:22 - 	at net.minecraft.commands.execution.CommandQueueEntry.execute(CommandQueueEntry.java:5)
05.07.2025 - 09:46:22 - 	at net.minecraft.commands.execution.ExecutionContext.runCommandQueue(ExecutionContext.java:105)
05.07.2025 - 09:46:22 - 	at net.minecraft.commands.Commands.executeCommandInContext(Commands.java:450)
05.07.2025 - 09:46:22 - 	at net.minecraft.commands.Commands.performCommand(Commands.java:357)
05.07.2025 - 09:46:22 - 	at net.minecraft.commands.Commands.performCommand(Commands.java:347)
05.07.2025 - 09:46:22 - 	at net.minecraft.commands.Commands.performCommand(Commands.java:341)
05.07.2025 - 09:46:22 - 	at net.minecraft.server.network.ServerGamePacketListenerImpl.performUnsignedChatCommand(ServerGamePacketListenerImpl.java:2215)
05.07.2025 - 09:46:22 - 	at net.minecraft.server.network.ServerGamePacketListenerImpl.lambda$handleChatCommand$11(ServerGamePacketListenerImpl.java:2188)
05.07.2025 - 09:46:22 - 	at net.minecraft.server.TickTask.run(TickTask.java:18)
05.07.2025 - 09:46:22 - 	at net.minecraft.util.thread.BlockableEventLoop.doRunTask(BlockableEventLoop.java:155)
05.07.2025 - 09:46:22 - 	at net.minecraft.util.thread.ReentrantBlockableEventLoop.doRunTask(ReentrantBlockableEventLoop.java:24)
05.07.2025 - 09:46:22 - 	at net.minecraft.server.MinecraftServer.doRunTask(MinecraftServer.java:1448)
05.07.2025 - 09:46:22 - 	at net.minecraft.server.MinecraftServer.doRunTask(MinecraftServer.java:176)
05.07.2025 - 09:46:22 - 	at net.minecraft.util.thread.BlockableEventLoop.pollTask(BlockableEventLoop.java:129)
05.07.2025 - 09:46:22 - 	at net.minecraft.server.MinecraftServer.pollTaskInternal(MinecraftServer.java:1428)
05.07.2025 - 09:46:22 - 	at net.minecraft.server.MinecraftServer.pollTask(MinecraftServer.java:1422)
05.07.2025 - 09:46:22 - 	at net.minecraft.util.thread.BlockableEventLoop.managedBlock(BlockableEventLoop.java:139)
05.07.2025 - 09:46:22 - 	at net.minecraft.server.MinecraftServer.managedBlock(MinecraftServer.java:1379)
05.07.2025 - 09:46:22 - 	at net.minecraft.server.MinecraftServer.waitUntilNextTick(MinecraftServer.java:1387)
05.07.2025 - 09:46:22 - 	at net.minecraft.server.MinecraftServer.runServer(MinecraftServer.java:1264)
05.07.2025 - 09:46:22 - 	at net.minecraft.server.MinecraftServer.lambda$spin$2(MinecraftServer.java:310)
05.07.2025 - 09:46:22 - 	at java.base/java.lang.Thread.run(Thread.java:1583)
05.07.2025 - 09:46:42 - [TAB v5.2.1] Failed to enable. Did you just invent a new way to break the plugin by misconfiguring it?
05.07.2025 - 09:46:42 - java.lang.NullPointerException: null
05.07.2025 - 09:46:42 - 	at java.base/java.util.stream.ReferencePipeline$3$1.accept(ReferencePipeline.java:197)
05.07.2025 - 09:46:42 - 	at java.base/java.util.ArrayList$ArrayListSpliterator.forEachRemaining(ArrayList.java:1708)
05.07.2025 - 09:46:42 - 	at java.base/java.util.stream.AbstractPipeline.copyInto(AbstractPipeline.java:509)
05.07.2025 - 09:46:42 - 	at java.base/java.util.stream.AbstractPipeline.wrapAndCopyInto(AbstractPipeline.java:499)
05.07.2025 - 09:46:42 - 	at java.base/java.util.stream.ReduceOps$ReduceOp.evaluateSequential(ReduceOps.java:921)
05.07.2025 - 09:46:42 - 	at java.base/java.util.stream.AbstractPipeline.evaluate(AbstractPipeline.java:234)
05.07.2025 - 09:46:42 - 	at java.base/java.util.stream.ReferencePipeline.collect(ReferencePipeline.java:682)
05.07.2025 - 09:46:42 - 	at TAB v5.2.1.jar//me.neznamy.tab.shared.config.file.ConfigurationSection.getStringList(ConfigurationSection.java:87)
05.07.2025 - 09:46:42 - 	at TAB v5.2.1.jar//me.neznamy.tab.shared.features.scoreboard.ScoreboardConfiguration$ScoreboardDefinition.fromSection(ScoreboardConfiguration.java:106)
05.07.2025 - 09:46:42 - 	at TAB v5.2.1.jar//me.neznamy.tab.shared.features.scoreboard.ScoreboardConfiguration.fromSection(ScoreboardConfiguration.java:48)
05.07.2025 - 09:46:42 - 	at TAB v5.2.1.jar//me.neznamy.tab.shared.config.files.Config.<init>(Config.java:97)
05.07.2025 - 09:46:42 - 	at TAB v5.2.1.jar//me.neznamy.tab.shared.config.Configs.<init>(Configs.java:33)
05.07.2025 - 09:46:42 - 	at TAB v5.2.1.jar//me.neznamy.tab.shared.TAB.load(TAB.java:187)
05.07.2025 - 09:46:42 - 	at TAB v5.2.1.jar//me.neznamy.tab.shared.command.DisabledCommand.execute(DisabledCommand.java:29)
05.07.2025 - 09:46:42 - 	at TAB v5.2.1.jar//me.neznamy.tab.platforms.bukkit.BukkitTabCommand.onCommand(BukkitTabCommand.java:26)
05.07.2025 - 09:46:42 - 	at org.bukkit.command.PluginCommand.execute(PluginCommand.java:45)
05.07.2025 - 09:46:42 - 	at io.papermc.paper.command.brigadier.bukkit.BukkitCommandNode$BukkitBrigCommand.run(BukkitCommandNode.java:82)
05.07.2025 - 09:46:42 - 	at com.mojang.brigadier.context.ContextChain.runExecutable(ContextChain.java:73)
05.07.2025 - 09:46:42 - 	at net.minecraft.commands.execution.tasks.ExecuteCommand.execute(ExecuteCommand.java:30)
05.07.2025 - 09:46:42 - 	at net.minecraft.commands.execution.tasks.ExecuteCommand.execute(ExecuteCommand.java:13)
05.07.2025 - 09:46:42 - 	at net.minecraft.commands.execution.UnboundEntryAction.lambda$bind$0(UnboundEntryAction.java:8)
05.07.2025 - 09:46:42 - 	at net.minecraft.commands.execution.CommandQueueEntry.execute(CommandQueueEntry.java:5)
05.07.2025 - 09:46:42 - 	at net.minecraft.commands.execution.ExecutionContext.runCommandQueue(ExecutionContext.java:105)
05.07.2025 - 09:46:42 - 	at net.minecraft.commands.Commands.executeCommandInContext(Commands.java:450)
05.07.2025 - 09:46:42 - 	at net.minecraft.commands.Commands.performCommand(Commands.java:357)
05.07.2025 - 09:46:42 - 	at net.minecraft.commands.Commands.performCommand(Commands.java:347)
05.07.2025 - 09:46:42 - 	at net.minecraft.commands.Commands.performCommand(Commands.java:341)
05.07.2025 - 09:46:42 - 	at net.minecraft.server.network.ServerGamePacketListenerImpl.performUnsignedChatCommand(ServerGamePacketListenerImpl.java:2215)
05.07.2025 - 09:46:42 - 	at net.minecraft.server.network.ServerGamePacketListenerImpl.lambda$handleChatCommand$11(ServerGamePacketListenerImpl.java:2188)
05.07.2025 - 09:46:42 - 	at net.minecraft.server.TickTask.run(TickTask.java:18)
05.07.2025 - 09:46:42 - 	at net.minecraft.util.thread.BlockableEventLoop.doRunTask(BlockableEventLoop.java:155)
05.07.2025 - 09:46:42 - 	at net.minecraft.util.thread.ReentrantBlockableEventLoop.doRunTask(ReentrantBlockableEventLoop.java:24)
05.07.2025 - 09:46:42 - 	at net.minecraft.server.MinecraftServer.doRunTask(MinecraftServer.java:1448)
05.07.2025 - 09:46:42 - 	at net.minecraft.server.MinecraftServer.doRunTask(MinecraftServer.java:176)
05.07.2025 - 09:46:42 - 	at net.minecraft.util.thread.BlockableEventLoop.pollTask(BlockableEventLoop.java:129)
05.07.2025 - 09:46:42 - 	at net.minecraft.server.MinecraftServer.pollTaskInternal(MinecraftServer.java:1428)
05.07.2025 - 09:46:42 - 	at net.minecraft.server.MinecraftServer.pollTask(MinecraftServer.java:1422)
05.07.2025 - 09:46:42 - 	at net.minecraft.util.thread.BlockableEventLoop.managedBlock(BlockableEventLoop.java:139)
05.07.2025 - 09:46:42 - 	at net.minecraft.server.MinecraftServer.managedBlock(MinecraftServer.java:1379)
05.07.2025 - 09:46:42 - 	at net.minecraft.server.MinecraftServer.waitUntilNextTick(MinecraftServer.java:1387)
05.07.2025 - 09:46:42 - 	at net.minecraft.server.MinecraftServer.runServer(MinecraftServer.java:1264)
05.07.2025 - 09:46:42 - 	at net.minecraft.server.MinecraftServer.lambda$spin$2(MinecraftServer.java:310)
05.07.2025 - 09:46:42 - 	at java.base/java.lang.Thread.run(Thread.java:1583)
11.08.2025 - 13:58:52 - [TAB v5.2.1] Failed to enable. Did you just invent a new way to break the plugin by misconfiguring it?
11.08.2025 - 13:58:52 - java.lang.NullPointerException: null
11.08.2025 - 13:58:52 - 	at java.base/java.util.stream.ReferencePipeline$3$1.accept(ReferencePipeline.java:197)
11.08.2025 - 13:58:52 - 	at java.base/java.util.ArrayList$ArrayListSpliterator.forEachRemaining(ArrayList.java:1708)
11.08.2025 - 13:58:52 - 	at java.base/java.util.stream.AbstractPipeline.copyInto(AbstractPipeline.java:509)
11.08.2025 - 13:58:52 - 	at java.base/java.util.stream.AbstractPipeline.wrapAndCopyInto(AbstractPipeline.java:499)
11.08.2025 - 13:58:52 - 	at java.base/java.util.stream.ReduceOps$ReduceOp.evaluateSequential(ReduceOps.java:921)
11.08.2025 - 13:58:52 - 	at java.base/java.util.stream.AbstractPipeline.evaluate(AbstractPipeline.java:234)
11.08.2025 - 13:58:52 - 	at java.base/java.util.stream.ReferencePipeline.collect(ReferencePipeline.java:682)
11.08.2025 - 13:58:52 - 	at TAB v5.2.1.jar//me.neznamy.tab.shared.config.file.ConfigurationSection.getStringList(ConfigurationSection.java:87)
11.08.2025 - 13:58:52 - 	at TAB v5.2.1.jar//me.neznamy.tab.shared.features.header.HeaderFooterConfiguration.fromSection(HeaderFooterConfiguration.java:38)
11.08.2025 - 13:58:52 - 	at TAB v5.2.1.jar//me.neznamy.tab.shared.config.files.Config.<init>(Config.java:91)
11.08.2025 - 13:58:52 - 	at TAB v5.2.1.jar//me.neznamy.tab.shared.config.Configs.<init>(Configs.java:33)
11.08.2025 - 13:58:52 - 	at TAB v5.2.1.jar//me.neznamy.tab.shared.TAB.load(TAB.java:187)
11.08.2025 - 13:58:52 - 	at TAB v5.2.1.jar//me.neznamy.tab.shared.command.ReloadCommand.execute(ReloadCommand.java:24)
11.08.2025 - 13:58:52 - 	at TAB v5.2.1.jar//me.neznamy.tab.shared.command.TabCommand.execute(TabCommand.java:47)
11.08.2025 - 13:58:52 - 	at TAB v5.2.1.jar//me.neznamy.tab.platforms.bukkit.BukkitTabCommand.onCommand(BukkitTabCommand.java:35)
11.08.2025 - 13:58:52 - 	at org.bukkit.command.PluginCommand.execute(PluginCommand.java:45)
11.08.2025 - 13:58:52 - 	at io.papermc.paper.command.brigadier.bukkit.BukkitCommandNode$BukkitBrigCommand.run(BukkitCommandNode.java:82)
11.08.2025 - 13:58:52 - 	at com.mojang.brigadier.context.ContextChain.runExecutable(ContextChain.java:73)
11.08.2025 - 13:58:52 - 	at net.minecraft.commands.execution.tasks.ExecuteCommand.execute(ExecuteCommand.java:30)
11.08.2025 - 13:58:52 - 	at net.minecraft.commands.execution.tasks.ExecuteCommand.execute(ExecuteCommand.java:13)
11.08.2025 - 13:58:52 - 	at net.minecraft.commands.execution.UnboundEntryAction.lambda$bind$0(UnboundEntryAction.java:8)
11.08.2025 - 13:58:52 - 	at net.minecraft.commands.execution.CommandQueueEntry.execute(CommandQueueEntry.java:5)
11.08.2025 - 13:58:52 - 	at net.minecraft.commands.execution.ExecutionContext.runCommandQueue(ExecutionContext.java:105)
11.08.2025 - 13:58:52 - 	at net.minecraft.commands.Commands.executeCommandInContext(Commands.java:450)
11.08.2025 - 13:58:52 - 	at net.minecraft.commands.Commands.performCommand(Commands.java:357)
11.08.2025 - 13:58:52 - 	at net.minecraft.commands.Commands.performCommand(Commands.java:347)
11.08.2025 - 13:58:52 - 	at net.minecraft.commands.Commands.performCommand(Commands.java:341)
11.08.2025 - 13:58:52 - 	at net.minecraft.server.network.ServerGamePacketListenerImpl.performSignedChatCommand(ServerGamePacketListenerImpl.java:2272)
11.08.2025 - 13:58:52 - 	at net.minecraft.server.network.ServerGamePacketListenerImpl.lambda$handleSignedChatCommand$12(ServerGamePacketListenerImpl.java:2229)
11.08.2025 - 13:58:52 - 	at net.minecraft.server.TickTask.run(TickTask.java:18)
11.08.2025 - 13:58:52 - 	at net.minecraft.util.thread.BlockableEventLoop.doRunTask(BlockableEventLoop.java:155)
11.08.2025 - 13:58:52 - 	at net.minecraft.util.thread.ReentrantBlockableEventLoop.doRunTask(ReentrantBlockableEventLoop.java:24)
11.08.2025 - 13:58:52 - 	at net.minecraft.server.MinecraftServer.doRunTask(MinecraftServer.java:1448)
11.08.2025 - 13:58:52 - 	at net.minecraft.server.MinecraftServer.doRunTask(MinecraftServer.java:176)
11.08.2025 - 13:58:52 - 	at net.minecraft.util.thread.BlockableEventLoop.pollTask(BlockableEventLoop.java:129)
11.08.2025 - 13:58:52 - 	at net.minecraft.server.MinecraftServer.pollTaskInternal(MinecraftServer.java:1428)
11.08.2025 - 13:58:52 - 	at net.minecraft.server.MinecraftServer.pollTask(MinecraftServer.java:1422)
11.08.2025 - 13:58:52 - 	at net.minecraft.util.thread.BlockableEventLoop.managedBlock(BlockableEventLoop.java:139)
11.08.2025 - 13:58:52 - 	at net.minecraft.server.MinecraftServer.managedBlock(MinecraftServer.java:1379)
11.08.2025 - 13:58:52 - 	at net.minecraft.server.MinecraftServer.waitUntilNextTick(MinecraftServer.java:1387)
11.08.2025 - 13:58:52 - 	at net.minecraft.server.MinecraftServer.runServer(MinecraftServer.java:1264)
11.08.2025 - 13:58:52 - 	at net.minecraft.server.MinecraftServer.lambda$spin$2(MinecraftServer.java:310)
11.08.2025 - 13:58:52 - 	at java.base/java.lang.Thread.run(Thread.java:1583)
