[14:39:19] [ServerMain/INFO]: [bootstrap] Running Java 21 (OpenJDK 64-Bit Server VM 21.0.7+6-LTS; Microsoft Microsoft-11369942) on Linux 6.8.0-1030-azure (amd64)
[14:39:19] [ServerMain/INFO]: [bootstrap] Loading Paper 1.21.4-231-ver/1.21.4@09e9afd (2025-05-19T17:59:36Z) for Minecraft 1.21.4
[14:39:19] [ServerMain/INFO]: [PluginInitializerManager] Initializing plugins...
[14:39:21] [ServerMain/INFO]: [PluginInitializerManager] Initialized 26 plugins
[14:39:21] [ServerMain/INFO]: [PluginInitializerManager] Paper plugins (1):
 - EconomyShopGUI (6.12.2)
[14:39:21] [ServerMain/INFO]: [PluginInitializerManager] Bukkit plugins (25):
 - BeastLib (1.5.2), BeastWithdraw (2.4.0), BetterRTP (3.6.13), BetterTeams (4.13.4), DecentHolograms (2.8.17), Essentials (2.21.2-dev+2-d42347f), EssentialsChat (2.21.2-dev+2-d42347f), EssentialsSpawn (2.21.2-dev+2-d42347f), GSit (2.4.1), Geyser-Spigot (2.8.3-SNAPSHOT), GriefPrevention (16.18.4), LuckPerms (5.4.145), PlaceholderAPI (2.11.6), PlayerKits2 (1.17.5), Playtime (3.0.6), ServersNPC (5.1), SinglePlayerSleep (1.20_2.13.54), TAB (5.2.1), Vault (1.7.3-b131), ViaBackwards (5.4.3-SNAPSHOT), ViaVersion (5.5.0-SNAPSHOT), WorldEdit (7.3.13+7139-cdc1c25), WorldGuard (7.0.13+82fdc65), ajLeaderboards (2.10.1-b264), floodgate (2.2.4-SNAPSHOT (b118-40d320a))
[14:39:28] [ServerMain/WARN]: resource-pack-id missing, using default of 8e2f9d5c-f158-35de-b06c-8386041967ed
[14:39:28] [ServerMain/INFO]: Environment: Environment[sessionHost=https://sessionserver.mojang.com, servicesHost=https://api.minecraftservices.com, name=PROD]
[14:39:28] [ServerMain/INFO]: [MCTypeRegistry] Initialising converters for DataConverter...
[14:39:29] [ServerMain/INFO]: [MCTypeRegistry] Finished initialising converters for DataConverter in 587.9ms
[14:39:32] [ServerMain/INFO]: Loaded 1370 recipes
[14:39:32] [ServerMain/INFO]: Loaded 1481 advancements
[14:39:32] [Server thread/INFO]: Starting minecraft server version 1.21.4
[14:39:32] [Server thread/WARN]: ****************************
[14:39:32] [Server thread/WARN]: YOU ARE RUNNING THIS SERVER AS AN ADMINISTRATIVE OR ROOT USER. THIS IS NOT ADVISED.
[14:39:32] [Server thread/WARN]: YOU ARE OPENING YOURSELF UP TO POTENTIAL RISKS WHEN DOING THIS.
[14:39:32] [Server thread/WARN]: FOR MORE INFORMATION, SEE https://madelinemiller.dev/blog/root-minecraft-server/
[14:39:32] [Server thread/WARN]: ****************************
[14:39:32] [Server thread/INFO]: Loading properties
[14:39:32] [Server thread/INFO]: This server is running Paper version 1.21.4-231-ver/1.21.4@09e9afd (2025-05-19T17:59:36Z) (Implementing API version 1.21.4-R0.1-SNAPSHOT)
[14:39:32] [Server thread/INFO]: [spark] This server bundles the spark profiler. For more information please visit https://docs.papermc.io/paper/profiling
[14:39:32] [Server thread/INFO]: Server Ping Player Sample Count: 12
[14:39:32] [Server thread/INFO]: Using 4 threads for Netty based IO
[14:39:34] [Server thread/INFO]: [MoonriseCommon] Paper is using 1 worker threads, 1 I/O threads
[14:39:34] [Server thread/INFO]: [ChunkTaskScheduler] Chunk system is using population gen parallelism: true
[14:39:35] [Server thread/INFO]: Default game type: SURVIVAL
[14:39:35] [Server thread/INFO]: Generating keypair
[14:39:35] [Server thread/INFO]: Starting Minecraft server on *:25565
[14:39:35] [Server thread/INFO]: Using epoll channel type
[14:39:35] [Server thread/INFO]: Paper: Using libdeflate (Linux x86_64) compression from Velocity.
[14:39:35] [Server thread/INFO]: Paper: Using OpenSSL 3.x.x (Linux x86_64) cipher from Velocity.
[14:39:37] [Server thread/INFO]: [ViaVersion] Loading server plugin ViaVersion v5.5.0-SNAPSHOT
[14:39:37] [Server thread/INFO]: [ViaVersion] ViaVersion 5.5.0-SNAPSHOT is now loaded. Registering protocol transformers and injecting...
[14:39:38] [Via-Mappingloader-0/INFO]: [ViaVersion] Loading block connection mappings ...
[14:39:38] [Via-Mappingloader-0/INFO]: [ViaVersion] Using FastUtil Long2ObjectOpenHashMap for block connections
[14:39:39] [Server thread/INFO]: [ViaBackwards] Loading translations...
[14:39:39] [Server thread/INFO]: [ViaBackwards] Registering protocols...
[14:39:40] [Server thread/INFO]: [LuckPerms] Loading server plugin LuckPerms v5.4.145
[14:39:41] [Server thread/INFO]: [Vault] Loading server plugin Vault v1.7.3-b131
[14:39:41] [Server thread/INFO]: [WorldEdit] Loading server plugin WorldEdit v7.3.13+7139-cdc1c25
[14:39:42] [Server thread/INFO]: Got request to register class com.sk89q.worldedit.bukkit.BukkitServerInterface with WorldEdit [com.sk89q.worldedit.extension.platform.PlatformManager@757957c3]
[14:39:42] [Server thread/INFO]: [PlaceholderAPI] Loading server plugin PlaceholderAPI v2.11.6
[14:39:42] [Server thread/INFO]: [WorldGuard] Loading server plugin WorldGuard v7.0.13+82fdc65
[14:39:42] [Server thread/INFO]: [floodgate] Loading server plugin floodgate v2.2.4-SNAPSHOT (b118-40d320a)
[14:39:43] [Server thread/WARN]: [floodgate] en_ is not a supported Floodgate language.
[14:39:43] [Server thread/INFO]: [floodgate] Took 885ms to boot Floodgate
[14:39:43] [Server thread/INFO]: [Essentials] Loading server plugin Essentials v2.21.2-dev+2-d42347f
[14:39:43] [Server thread/INFO]: [BeastLib] Loading server plugin BeastLib v1.5.2
[14:39:43] [Server thread/INFO]: [GriefPrevention] Loading server plugin GriefPrevention v16.18.4
[14:39:43] [Server thread/INFO]: [DecentHolograms] Loading server plugin DecentHolograms v2.8.17
[14:39:43] [Server thread/INFO]: [Geyser-Spigot] Loading server plugin Geyser-Spigot v2.8.3-SNAPSHOT
[14:39:44] [Server thread/INFO]: [Geyser-Spigot] Loading extensions...
[14:39:44] [Server thread/INFO]: [Geyser-Spigot] Loaded 0 extension(s)
[14:39:44] [Server thread/INFO]: [EssentialsChat] Loading server plugin EssentialsChat v2.21.2-dev+2-d42347f
[14:39:44] [Server thread/INFO]: [SinglePlayerSleep] Loading server plugin SinglePlayerSleep v1.20_2.13.54
[14:39:44] [Server thread/INFO]: [EssentialsSpawn] Loading server plugin EssentialsSpawn v2.21.2-dev+2-d42347f
[14:39:44] [Server thread/INFO]: [PlayerKits2] Loading server plugin PlayerKits2 v1.17.5
[14:39:44] [Server thread/INFO]: [BeastWithdraw] Loading server plugin BeastWithdraw v2.4.0
[14:39:44] [Server thread/INFO]: [ServersNPC] Loading server plugin ServersNPC v5.1
[14:39:44] [Server thread/INFO]: [TAB] Loading server plugin TAB v5.2.1
[14:39:44] [Server thread/INFO]: [ajLeaderboards] Loading server plugin ajLeaderboards v2.10.1-b264
[14:39:44] [Server thread/INFO]: [ajLeaderboards] Verifying checksum for gson
[14:39:44] [Server thread/INFO]: [ajLeaderboards] Checksum matched for gson
[14:39:44] [Server thread/INFO]: [ajLeaderboards] Verifying checksum for jar-relocator
[14:39:44] [Server thread/INFO]: [ajLeaderboards] Checksum matched for jar-relocator
[14:39:44] [Server thread/INFO]: [ajLeaderboards] Verifying checksum for asm
[14:39:45] [Server thread/INFO]: [ajLeaderboards] Checksum matched for asm
[14:39:45] [Server thread/INFO]: [ajLeaderboards] Verifying checksum for asm-commons
[14:39:45] [Server thread/INFO]: [ajLeaderboards] Checksum matched for asm-commons
[14:39:45] [Server thread/INFO]: [ajLeaderboards] Verifying checksum for gson
[14:39:45] [Server thread/INFO]: [ajLeaderboards] Checksum matched for gson
[14:39:45] [Server thread/INFO]: [ajLeaderboards] Verifying checksum for HikariCP
[14:39:45] [Server thread/INFO]: [ajLeaderboards] Checksum matched for HikariCP
[14:39:45] [Server thread/INFO]: [ajLeaderboards] Verifying checksum for slf4j-api
[14:39:45] [Server thread/INFO]: [ajLeaderboards] Checksum matched for slf4j-api
[14:39:45] [Server thread/INFO]: [ajLeaderboards] Verifying checksum for h2
[14:39:45] [Server thread/INFO]: [ajLeaderboards] Checksum matched for h2
[14:39:45] [Server thread/INFO]: [ajLeaderboards] Verifying checksum for okhttp
[14:39:45] [Server thread/INFO]: [ajLeaderboards] Checksum matched for okhttp
[14:39:45] [Server thread/INFO]: [ajLeaderboards] Verifying checksum for okio
[14:39:45] [Server thread/INFO]: [ajLeaderboards] Checksum matched for okio
[14:39:45] [Server thread/INFO]: [ajLeaderboards] Verifying checksum for okio-jvm
[14:39:45] [Server thread/INFO]: [ajLeaderboards] Checksum matched for okio-jvm
[14:39:45] [Server thread/INFO]: [ajLeaderboards] Verifying checksum for kotlin-stdlib-jdk8
[14:39:45] [Server thread/INFO]: [ajLeaderboards] Checksum matched for kotlin-stdlib-jdk8
[14:39:45] [Server thread/INFO]: [ajLeaderboards] Verifying checksum for kotlin-stdlib
[14:39:45] [Server thread/INFO]: [ajLeaderboards] Checksum matched for kotlin-stdlib
[14:39:45] [Server thread/INFO]: [ajLeaderboards] Verifying checksum for kotlin-stdlib-common
[14:39:45] [Server thread/INFO]: [ajLeaderboards] Checksum matched for kotlin-stdlib-common
[14:39:45] [Server thread/INFO]: [ajLeaderboards] Verifying checksum for annotations
[14:39:45] [Server thread/INFO]: [ajLeaderboards] Checksum matched for annotations
[14:39:45] [Server thread/INFO]: [ajLeaderboards] Verifying checksum for kotlin-stdlib-jdk7
[14:39:45] [Server thread/INFO]: [ajLeaderboards] Checksum matched for kotlin-stdlib-jdk7
[14:39:45] [Server thread/INFO]: [ViaBackwards] Loading server plugin ViaBackwards v5.4.3-SNAPSHOT
[14:39:45] [Server thread/INFO]: [BetterRTP] Loading server plugin BetterRTP v3.6.13
[14:39:45] [Server thread/INFO]: [Playtime] Loading server plugin Playtime v3.0.6
[14:39:45] [Server thread/INFO]: [GSit] Loading server plugin GSit v2.4.1
[14:39:45] [Server thread/INFO]: [BetterTeams] Loading server plugin BetterTeams v4.13.4
[14:39:45] [Server thread/INFO]: [BetterTeams] [BetterTeams] Checking if the file config.yml is up to date
[14:39:45] [Server thread/INFO]: [BetterTeams] [BetterTeams] File is up to date
[14:39:45] [Server thread/INFO]: [EconomyShopGUI] Loading server plugin EconomyShopGUI v6.12.2
[14:39:45] [Server thread/INFO]: Server permissions file permissions.yml is empty, ignoring it
[14:39:45] [Server thread/INFO]: [LuckPerms] Enabling LuckPerms v5.4.145
[14:39:46] [Server thread/INFO]:         __    
[14:39:46] [Server thread/INFO]:   |    |__)   LuckPerms v5.4.145
[14:39:46] [Server thread/INFO]:   |___ |      Running on Bukkit - Paper
[14:39:46] [Server thread/INFO]: 
[14:39:46] [Server thread/INFO]: [LuckPerms] Loading configuration...
[14:39:47] [Server thread/INFO]: [LuckPerms] Loading storage provider... [H2]
[14:39:48] [Server thread/INFO]: [LuckPerms] Loading internal permission managers...
[14:39:48] [Server thread/INFO]: [LuckPerms] Performing initial data load...
[14:39:49] [Server thread/INFO]: [LuckPerms] Successfully enabled. (took 3562ms)
[14:39:49] [Server thread/INFO]: [Vault] Enabling Vault v1.7.3-b131
[14:39:49] [Server thread/INFO]: [Vault] [Economy] Essentials Economy found: Waiting
[14:39:49] [Server thread/INFO]: [Vault] [Permission] SuperPermissions loaded as backup permission system.
[14:39:49] [Server thread/INFO]: [Vault] Enabled Version 1.7.3-b131
[14:39:49] [Server thread/INFO]: [LuckPerms] Registered Vault permission & chat hook.
[14:39:49] [Server thread/INFO]: [WorldEdit] Enabling WorldEdit v7.3.13+7139-cdc1c25
[14:39:49] [Server thread/INFO]: Registering commands with com.sk89q.worldedit.bukkit.BukkitServerInterface
[14:39:49] [Server thread/INFO]: WEPIF: Vault detected! Using Vault for permissions
[14:39:50] [Server thread/INFO]: Using com.sk89q.worldedit.bukkit.adapter.impl.v1_21_4.PaperweightAdapter as the Bukkit adapter
[14:39:53] [Server thread/WARN]: **** SERVER IS RUNNING IN OFFLINE/INSECURE MODE!
[14:39:53] [Server thread/WARN]: The server will make no attempt to authenticate usernames. Beware.
[14:39:53] [Server thread/WARN]: While this makes the game possible to play without internet access, it also opens up the ability for hackers to connect with any username they choose.
[14:39:53] [Server thread/WARN]: To change this, set "online-mode" to "true" in the server.properties file.
[14:39:53] [Server thread/INFO]: Preparing level "world"
[14:39:55] [Server thread/INFO]: Preparing start region for dimension minecraft:overworld
[14:39:55] [Server thread/INFO]: Preparing spawn area: 0%
[14:39:55] [Server thread/INFO]: Preparing spawn area: 2%
[14:39:56] [Server thread/INFO]: Preparing spawn area: 2%
[14:39:56] [Server thread/INFO]: Preparing spawn area: 89%
[14:39:56] [Server thread/INFO]: Time elapsed: 1523 ms
[14:39:56] [Server thread/INFO]: [ViaVersion] Enabling ViaVersion v5.5.0-SNAPSHOT
[14:39:57] [Server thread/INFO]: [ViaVersion] ViaVersion detected server version: 1.21.4 (769)
[14:39:57] [Server thread/INFO]: [PlaceholderAPI] Enabling PlaceholderAPI v2.11.6
[14:39:57] [Server thread/INFO]: [PlaceholderAPI] Fetching available expansion information...
[14:39:57] [Server thread/INFO]: [WorldGuard] Enabling WorldGuard v7.0.13+82fdc65
[14:39:58] [Server thread/INFO]: [WorldGuard] (world) TNT ignition is PERMITTED.
[14:39:58] [Server thread/INFO]: [WorldGuard] (world) Lighters are PERMITTED.
[14:39:58] [Server thread/INFO]: [WorldGuard] (world) Lava fire is PERMITTED.
[14:39:58] [Server thread/INFO]: [WorldGuard] (world) Fire spread is UNRESTRICTED.
[14:39:58] [Server thread/INFO]: [WorldGuard] Loaded configuration for world 'world'
[14:39:58] [Server thread/INFO]: [WorldGuard] Loading region data...
[14:39:58] [Server thread/INFO]: [floodgate] Enabling floodgate v2.2.4-SNAPSHOT (b118-40d320a)
[14:39:59] [Server thread/INFO]: [Essentials] Enabling Essentials v2.21.2-dev+2-d42347f
[14:40:00] [Server thread/ERROR]: [Essentials] You are running an unsupported server version!
[14:40:00] [Server thread/INFO]: [Essentials] Attempting to convert old kits in config.yml to new kits.yml
[14:40:00] [Server thread/INFO]: [Essentials] No kits found to migrate.
[14:40:00] [Server thread/INFO]: [Essentials] Selected 1.17.1+ World Info Provider as the provider for WorldInfoProvider
[14:40:00] [Server thread/INFO]: [Essentials] Selected Paper Material Tag Provider as the provider for MaterialTagProvider
[14:40:00] [Server thread/INFO]: [Essentials] Selected 1.13+ Spawn Egg Provider as the provider for SpawnEggProvider
[14:40:00] [Server thread/INFO]: [Essentials] Selected Reflection Online Mode Provider as the provider for OnlineModeProvider
[14:40:00] [Server thread/INFO]: [Essentials] Selected 1.12+ Spawner Block Provider as the provider for SpawnerBlockProvider
[14:40:00] [Server thread/INFO]: [Essentials] Selected 1.21.4+ Sync Commands Provider as the provider for SyncCommandsProvider
[14:40:00] [Server thread/INFO]: [Essentials] Selected Paper Tick Count Provider as the provider for TickCountProvider
[14:40:00] [Server thread/INFO]: [Essentials] Selected 1.12.2+ Player Locale Provider as the provider for PlayerLocaleProvider
[14:40:00] [Server thread/INFO]: [Essentials] Selected Paper Container Provider as the provider for ContainerProvider
[14:40:00] [Server thread/INFO]: [Essentials] Selected 1.20.5+ Banner Data Provider as the provider for BannerDataProvider
[14:40:00] [Server thread/INFO]: [Essentials] Selected Paper Biome Key Provider as the provider for BiomeKeyProvider
[14:40:00] [Server thread/INFO]: [Essentials] Selected Paper Serialization Provider as the provider for SerializationProvider
[14:40:00] [Server thread/INFO]: [Essentials] Selected Reflection Formatted Command Alias Provider as the provider for FormattedCommandAliasProvider
[14:40:00] [Server thread/INFO]: [Essentials] Selected 1.20.4+ Damage Event Provider as the provider for DamageEventProvider
[14:40:00] [Server thread/INFO]: [Essentials] Selected 1.20.6+ Potion Meta Provider as the provider for PotionMetaProvider
[14:40:00] [Server thread/INFO]: [Essentials] Selected 1.11+ Item Unbreakable Provider as the provider for ItemUnbreakableProvider
[14:40:00] [Server thread/INFO]: [Essentials] Selected Paper Server State Provider as the provider for ServerStateProvider
[14:40:00] [Server thread/INFO]: [Essentials] Selected Paper Known Commands Provider as the provider for KnownCommandsProvider
[14:40:00] [Server thread/INFO]: [Essentials] Selected 1.14+ Sign Data Provider as the provider for SignDataProvider
[14:40:00] [Server thread/INFO]: [Essentials] Selected 1.8.3+ Spawner Item Provider as the provider for SpawnerItemProvider
[14:40:00] [Server thread/INFO]: [Essentials] Selected 1.14.4+ Persistent Data Container Provider as the provider for PersistentDataProvider
[14:40:00] [Server thread/INFO]: [Essentials] Selected 1.21+ InventoryView Interface ABI Provider as the provider for InventoryViewProvider
[14:40:01] [Server thread/INFO]: [Essentials] Loaded 43517 items from items.json.
[14:40:01] [Server thread/INFO]: [Essentials] Using locale en
[14:40:01] [Server thread/INFO]: [Essentials] ServerListPingEvent: Spigot iterator API
[14:40:02] [Server thread/INFO]: [Essentials] Starting Metrics. Opt-out using the global bStats config.
[14:40:02] [Server thread/INFO]: [Vault] [Economy] Essentials Economy hooked.
[14:40:02] [Server thread/INFO]: [Essentials] Using Vault based permissions (LuckPerms)
[14:40:02] [Server thread/INFO]: [BeastLib] Enabling BeastLib v1.5.2
[14:40:02] [Server thread/INFO]: [BeastLib] Loading library slf4j-log4j12
[14:40:02] [Server thread/INFO]: [BeastLib] Loading library slf4j-api
[14:40:02] [Server thread/INFO]: [BeastLib] Loading library log4j
[14:40:02] [Server thread/INFO]: [BeastLib] Loading library log4j-core
[14:40:03] [Server thread/INFO]: [BeastLib] Loading library log4j-api
[14:40:03] [Server thread/INFO]: [BeastLib] Loading library disruptor
[14:40:03] [Server thread/INFO]: [BeastLib] Loading library disruptor
[14:40:03] [Server thread/INFO]: [BeastLib] Loading library slf4j-api
[14:40:03] [Server thread/INFO]: [BeastLib] Loading library jctools-core
[14:40:03] [Server thread/INFO]: [BeastLib] Loading library jackson-core
[14:40:03] [Server thread/INFO]: [BeastLib] Loading library jackson-databind
[14:40:03] [Server thread/INFO]: [BeastLib] Loading library jackson-annotations
[14:40:03] [Server thread/INFO]: [BeastLib] Loading library jackson-dataformat-yaml
[14:40:03] [Server thread/INFO]: [BeastLib] Loading library snakeyaml
[14:40:03] [Server thread/INFO]: [BeastLib] Loading library jackson-dataformat-xml
[14:40:03] [Server thread/INFO]: [BeastLib] Loading library jackson-module-jaxb-annotations
[14:40:03] [Server thread/INFO]: [BeastLib] Loading library stax2-api
[14:40:03] [Server thread/INFO]: [BeastLib] Loading library woodstox-core
[14:40:03] [Server thread/INFO]: [BeastLib] Loading library jansi
[14:40:03] [Server thread/INFO]: [BeastLib] Loading library javax.mail
[14:40:03] [Server thread/INFO]: [BeastLib] Loading library activation
[14:40:03] [Server thread/INFO]: [BeastLib] Loading library javax.persistence
[14:40:03] [Server thread/INFO]: [BeastLib] Loading library kafka-clients
[14:40:03] [Server thread/INFO]: [BeastLib] Loading library lz4
[14:40:03] [Server thread/INFO]: [BeastLib] Loading library snappy-java
[14:40:03] [Server thread/INFO]: [BeastLib] Loading library jeromq
[14:40:03] [Server thread/INFO]: [BeastLib] Loading library commons-compress
[14:40:03] [Server thread/INFO]: [BeastLib] Loading library commons-csv
[14:40:03] [Server thread/INFO]: [BeastLib] Loading library jcommander
[14:40:03] [Server thread/INFO]: [BeastLib] Loading library log4j-api
[14:40:03] [Server thread/INFO]: [BeastLib] Loading library boosted-yaml
[14:40:03] [Server thread/INFO]: [BeastLib] Loading library triumph-gui
[14:40:03] [Server thread/INFO]: [BeastLib] Loading library adventure-api
[14:40:03] [Server thread/INFO]: [BeastLib] Loading library adventure-key
[14:40:03] [Server thread/INFO]: [BeastLib] Loading library examination-api
[14:40:03] [Server thread/INFO]: [BeastLib] Loading library examination-string
[14:40:03] [Server thread/INFO]: [BeastLib] Loading library annotations
[14:40:03] [Server thread/INFO]: [BeastLib] Loading library adventure-text-serializer-legacy
[14:40:03] [Server thread/INFO]: [BeastLib] Loading library adventure-text-serializer-gson
[14:40:03] [Server thread/INFO]: [BeastLib] Loading library adventure-text-serializer-json
[14:40:03] [Server thread/INFO]: [BeastLib] Loading library option
[14:40:03] [Server thread/INFO]: [BeastLib] Loading library gson
[14:40:03] [Server thread/INFO]: [BeastLib] Loading library auto-service-annotations
[14:40:03] [Server thread/INFO]: [BeastLib] Loading library adventure-platform-bukkit
[14:40:03] [Server thread/INFO]: [BeastLib] Loading library adventure-platform-api
[14:40:03] [Server thread/INFO]: [BeastLib] Loading library adventure-text-serializer-bungeecord
[14:40:03] [Server thread/INFO]: [BeastLib] Loading library adventure-nbt
[14:40:03] [Server thread/INFO]: [BeastLib] Loading library adventure-text-serializer-gson-legacy-impl
[14:40:03] [Server thread/INFO]: [BeastLib] Loading library adventure-platform-facet
[14:40:03] [Server thread/INFO]: [BeastLib] Loading library adventure-platform-viaversion
[14:40:03] [Server thread/INFO]: [BeastLib] Loading library mongo-java-driver
[14:40:03] [Server thread/INFO]: [BeastLib] Loading library mariadb-java-client
[14:40:03] [Server thread/INFO]: [BeastLib] Loading library HikariCP
[14:40:03] [Server thread/INFO]: [BeastLib] Loading library XSeries
[14:40:03] [Server thread/INFO]: [NBTAPI] [NBTAPI] Found Minecraft: 1.21.4! Trying to find NMS support
[14:40:03] [Server thread/INFO]: [NBTAPI] [NBTAPI] NMS support 'MC1_21_R3' loaded!
[14:40:03] [Server thread/INFO]: [NBTAPI] [NBTAPI] Using the plugin 'BeastLib' to create a bStats instance!
[14:40:03] [Server thread/INFO]: [BeastLib] Loading library mysql-connector-j
[14:40:03] [Server thread/INFO]: [BeastLib] Loading library quartz
[14:40:03] [Server thread/INFO]: [PlaceholderAPI] Successfully registered internal expansion: beastlib [1.0]
[14:40:03] [Server thread/INFO]: [GriefPrevention] Enabling GriefPrevention v16.18.4
[14:40:03] [Server thread/INFO]: [GriefPrevention] Finished loading configuration.
[14:40:03] [Server thread/INFO]: [GriefPrevention] 0 total claims loaded.
[14:40:04] [Server thread/INFO]: [GriefPrevention] Customizable messages loaded.
[14:40:04] [Server thread/INFO]: [GriefPrevention] Successfully hooked into WorldGuard.
[14:40:04] [Server thread/INFO]: [GriefPrevention] Finished loading data (File Mode).
[14:40:04] [Server thread/INFO]: [GriefPrevention] Boot finished.
[14:40:04] [Server thread/INFO]: [DecentHolograms] Enabling DecentHolograms v2.8.17
[14:40:04] [Server thread/INFO]: [NBTAPI] [NBTAPI] Found Minecraft: 1.21.4! Trying to find NMS support
[14:40:04] [Server thread/INFO]: [NBTAPI] [NBTAPI] NMS support 'MC1_21_R3' loaded!
[14:40:04] [Server thread/INFO]: [NBTAPI] [NBTAPI] Using the plugin 'DecentHolograms' to create a bStats instance!
[14:40:04] [Server thread/INFO]: [Geyser-Spigot] Enabling Geyser-Spigot v2.8.3-SNAPSHOT
[14:40:07] [Server thread/INFO]: [EssentialsChat] Enabling EssentialsChat v2.21.2-dev+2-d42347f
[14:40:07] [Server thread/INFO]: [EssentialsChat] Starting Metrics. Opt-out using the global bStats config.
[14:40:07] [Server thread/INFO]: [SinglePlayerSleep] Enabling SinglePlayerSleep v1.20_2.13.54
[14:40:07] [Server thread/INFO]: [SinglePlayerSleep] **************************************
[14:40:07] [Server thread/INFO]: [SinglePlayerSleep] v1.20_2.13.54 Loading...
[14:40:07] [Server thread/INFO]: [SinglePlayerSleep] Jar Filename: SinglePlayerSleep-1.20_2.13.54.jar
[14:40:07] [Server thread/INFO]: [SinglePlayerSleep] Server Version: 1.21.4-231-09e9afd (MC: 1.21.4)
[14:40:07] [Server thread/INFO]: [SinglePlayerSleep] [Warning] Version 1.21.4 has not yet been tested! Proceed with caution.
[14:40:07] [Server thread/INFO]: [SinglePlayerSleep] Loading file version checker...
[14:40:07] [Server thread/INFO]: [SinglePlayerSleep] Loading config file...
[14:40:07] [Server thread/INFO]: [SinglePlayerSleep] Loading messages file...
[14:40:07] [Server thread/INFO]: [SinglePlayerSleep] Loading config.yml...
[14:40:07] [Server thread/INFO]: [SinglePlayerSleep] Loading messages.yml...
[14:40:07] [Server thread/INFO]: [SinglePlayerSleep] Checking for updates...
[14:40:08] [Server thread/INFO]: [SinglePlayerSleep] *!*!*!*!*!*!*!*!*!*!*!*!*!*!*!*!*!*!*!*!*!*!*!*!*!*!*!*
[14:40:08] [Server thread/INFO]: [SinglePlayerSleep] * Version is up to date!
[14:40:08] [Server thread/INFO]: [SinglePlayerSleep] * Donate: https://ko-fi.com/joelgodofwar
[14:40:08] [Server thread/INFO]: [SinglePlayerSleep] *!*!*!*!*!*!*!*!*!*!*!*!*!*!*!*!*!*!*!*!*!*!*!*!*!*!*!*
[14:40:08] [Server thread/INFO]: [SinglePlayerSleep] plugins/SinglePlayerSleep/permissions.yml
[14:40:08] [Server thread/INFO]: [SinglePlayerSleep]  v1.20_2.13.54 is ENABLED - Loading took 1 s 230 ms.
[14:40:08] [Server thread/INFO]: [EssentialsSpawn] Enabling EssentialsSpawn v2.21.2-dev+2-d42347f
[14:40:08] [Server thread/INFO]: [EssentialsSpawn] Starting Metrics. Opt-out using the global bStats config.
[14:40:08] [Server thread/INFO]: [PlayerKits2] Enabling PlayerKits2 v1.17.5
[14:40:08] [Server thread/INFO]: [PlaceholderAPI] Successfully registered internal expansion: playerkits [1.17.5]
[14:40:08] [Server thread/INFO]: [PlayerKits²] Has been enabled! Version: 1.17.5
[14:40:08] [Server thread/INFO]: [PlayerKits²] Thanks for using my plugin!   ~Ajneb97
[14:40:08] [Server thread/INFO]: There is a new version available. (1.18.4)
[14:40:08] [Server thread/INFO]: You can download it at: https://modrinth.com/plugin/playerkits-2
[14:40:08] [Server thread/INFO]: [BeastWithdraw] Enabling BeastWithdraw v2.4.0
[14:40:09] [Server thread/INFO]: [BeastWithdraw] /XpBottle command aliases [xpb, beastxpb, bottle] are registered.
[14:40:09] [Server thread/INFO]: [BeastWithdraw] /bWithdraw command aliases [cashnote, withdraw, moneywithdraw, moneynote] are registered.
[14:40:09] [Server thread/INFO]: [BeastWithdraw] Version 2.4.0 : has been enabled!
[14:40:09] [Server thread/INFO]: [ServersNPC] Enabling ServersNPC v5.1
[14:40:09] [Server thread/INFO]: [TAB] Enabling TAB v5.2.1
[14:40:10] [Server thread/INFO]: [TAB] Enabled in 462ms
[14:40:10] [Server thread/INFO]: [ajLeaderboards] Enabling ajLeaderboards v2.10.1-b264
[14:40:10] [Server thread/INFO]: [ajLeaderboards] Using H2 flatfile for board cache. (h2)
[14:40:11] [Server thread/INFO]: [ajLeaderboards] Loaded 4 boards
[14:40:11] [Server thread/INFO]: [PlaceholderAPI] Successfully registered internal expansion: ajlb [2.10.1-b264]
[14:40:11] [Server thread/INFO]: [ajLeaderboards] PAPI placeholders successfully registered!
[14:40:11] [Server thread/INFO]: [ajLeaderboards] ajLeaderboards v2.10.1-b264 by ajgeiss0702 enabled!
[14:40:11] [Server thread/INFO]: [ViaBackwards] Enabling ViaBackwards v5.4.3-SNAPSHOT
[14:40:11] [Server thread/INFO]: [BetterRTP] Enabling BetterRTP v3.6.13
[14:40:11] [Server thread/INFO]: [BetterRTP] Cooldown = 600
[14:40:11] [Server thread/INFO]: [PlaceholderAPI] Successfully registered internal expansion: betterrtp [3.6.13]
[14:40:11] [Server thread/INFO]: [Playtime] Enabling Playtime v3.0.6
[14:40:11] [Server thread/INFO]:  
[14:40:11] [Server thread/INFO]: ====================================
[14:40:11] [Server thread/INFO]: Plugin name: Playtime
[14:40:11] [Server thread/INFO]: Version: 3.0.6
[14:40:11] [Server thread/INFO]: Core version: 0.7.25
[14:40:11] [Server thread/INFO]: ====================================
[14:40:11] [Server thread/INFO]:  
[14:40:11] [Server thread/INFO]: [Playtime] Loaded locale "en_US"
[14:40:11] [Server thread/INFO]: [PlaceholderAPI] Successfully registered internal expansion: playtime [2.0.0]
[14:40:11] [Server thread/INFO]: [GSit] Enabling GSit v2.4.1
[14:40:11] [Server thread/INFO]: [PlaceholderAPI] Successfully registered internal expansion: gsit [2.4.1]
[14:40:11] [Server thread/INFO]: [WorldGuard] Registering session handler dev.geco.gsit.link.worldguard.RegionFlagHandler
[14:40:11] [Server thread/INFO]: [GSit] The plugin was successfully enabled.
[14:40:11] [Server thread/INFO]: [GSit] Link with GriefPrevention successful!
[14:40:11] [Server thread/INFO]: [GSit] Link with PlaceholderAPI successful!
[14:40:11] [Server thread/INFO]: [GSit] Link with WorldGuard successful!
[14:40:11] [Server thread/INFO]: [BetterTeams] Enabling BetterTeams v4.13.4
[14:40:12] [Server thread/INFO]: [BetterTeams] MessageSender declared: com.booksaw.betterTeams.message.AdventureMessageSender@2c45691b
[14:40:12] [Server thread/INFO]: [BetterTeams] [BetterTeams] Checking if the file messages.yml is up to date
[14:40:12] [Server thread/INFO]: [BetterTeams] [BetterTeams] File is up to date
[14:40:12] [Server thread/INFO]: [PlaceholderAPI] Successfully registered internal expansion: betterTeams [4.13.4]
[14:40:12] [Server thread/INFO]: [BetterTeams] Display team name config value: prefix
[14:40:12] [Server thread/INFO]: [BetterTeams] Loading below name. Type: PREFIX
[14:40:12] [Server thread/INFO]: [BetterTeams] teamManagement declared: com.booksaw.betterTeams.events.MCTeamManagement@5b1c88a1
[14:40:12] [Server thread/INFO]: [EconomyShopGUI] Enabling EconomyShopGUI v6.12.2
[14:40:12] [Server thread/INFO]: [EconomyShopGUI] [INFO]: Using lang-en.yml as language file.
[14:40:12] [Server thread/INFO]: [EconomyShopGUI] [INFO]: Completed loading 16 section configs from /sections/
[14:40:12] [Server thread/INFO]: [EconomyShopGUI] [INFO]: Completed loading 16 shop configs from /shops/
[14:40:12] [Server thread/INFO]: [EconomyShopGUI] [INFO]: Updating Shop settings...
[14:40:12] [Server thread/INFO]: [EconomyShopGUI] [INFO]: Successfully hooked into Vault and using EssentialsX Economy as economy provider
[14:40:12] [Server thread/INFO]: [EconomyShopGUI] [INFO]: Completed loading 1 economy provider(s) for all 8 shop sections.
[14:40:12] [Server thread/INFO]: [EconomyShopGUI] [INFO]: Using minecraft version 1.21.4...
[14:40:12] [Server thread/INFO]: [EconomyShopGUI] [INFO]: Spawner provider set to AUTO in config
[14:40:12] [Server thread/INFO]: [EconomyShopGUI] [INFO]: Automatically searching for compatible spawner provider....
[14:40:12] [Server thread/INFO]: [EconomyShopGUI] [INFO]: Failed to automatically find compatible spawner provider, using default...
[14:40:12] [Server thread/INFO]: [PlaceholderAPI] Successfully registered internal expansion: esgui [1.1.0]
[14:40:12] [Server thread/INFO]: [EconomyShopGUI] [INFO]: Debug mode is enabled.
[14:40:12] [Server thread/INFO]: [EconomyShopGUI] [INFO]: Loading all items...
[14:40:12] [Server thread/INFO]: [EconomyShopGUI] [INFO]: Initialized - Took 612ms to complete
[14:40:12] [ESGUI_UTIL_THREAD #0/INFO]: [EconomyShopGUI] [INFO]: There is an update available for EconomyShopGUI, you are running v6.12.2 but found v6.14.4.
[14:40:12] [ESGUI_UTIL_THREAD #0/INFO]: [EconomyShopGUI] [INFO]: Download at: https://www.spigotmc.org/resources/economyshopgui.69927/
[14:40:13] [Server thread/INFO]: [spark] Starting background profiler...
[14:40:13] [pool-55-thread-1/INFO]: [ajLeaderboards] You are up to date! (2.10.1)
[14:40:13] [Server thread/INFO]: [PlaceholderAPI] Placeholder expansion registration initializing...
[14:40:13] [Server thread/INFO]: [Geyser-Spigot] ******************************************
[14:40:13] [Server thread/INFO]: [Geyser-Spigot] 
[14:40:13] [Server thread/INFO]: [Geyser-Spigot] Loading Geyser version 2.8.3-b909 (git-master-ef726fb)
[14:40:13] [Server thread/INFO]: [Geyser-Spigot] 
[14:40:13] [Server thread/INFO]: [Geyser-Spigot] ******************************************
[14:40:19] [GeyserServer-4-1/INFO]: [Geyser-Spigot] Started Geyser on UDP port 25565
[14:40:19] [Server thread/INFO]: [Geyser-Spigot] Done (5.964s)! Run /geyser help for help!
[14:40:20] [Server thread/INFO]: Done preparing level "world" (26.452s)
[14:40:20] [Server thread/INFO]: Running delayed init tasks
[14:40:20] [Craft Scheduler Thread - 5 - ViaVersion/INFO]: [ViaVersion] Finished mapping loading, shutting down loader executor.
[14:40:20] [Server thread/INFO]: [Essentials] Essentials found a compatible payment resolution method: Vault Compatibility Layer (v1.7.3-b131)!
[14:40:20] [Craft Scheduler Thread - 7 - Essentials/INFO]: [Essentials] Fetching version information...
[14:40:20] [Craft Scheduler Thread - 5 - DecentHolograms/INFO]: [DecentHolograms] Loading holograms... 
[14:40:20] [Craft Scheduler Thread - 16 - Vault/INFO]: [Vault] Checking for Updates ... 
[14:40:20] [Craft Scheduler Thread - 10 - BeastWithdraw/INFO]: [BeastWithdraw] There is a new update available.
[14:40:20] [Craft Scheduler Thread - 9 - DecentHolograms/INFO]: 
A newer version of DecentHolograms is available. Download it from: 
- https://www.spigotmc.org/resources/96927/
- https://modrinth.com/plugin/decentholograms
[14:40:20] [Craft Scheduler Thread - 5 - DecentHolograms/INFO]: [DecentHolograms] Loaded 4 holograms!
[14:40:20] [Server thread/INFO]: [PlaceholderAPI] Successfully registered external expansion: floodgate [1.5.2]
[14:40:20] [Craft Scheduler Thread - 16 - Vault/INFO]: [Vault] No new version available
[14:40:20] [Server thread/INFO]: [PlaceholderAPI] Successfully registered external expansion: world [1.2.3]
[14:40:20] [Server thread/INFO]: [PlaceholderAPI] Successfully registered external expansion: sbtags [1.0.1]
[14:40:20] [Server thread/INFO]: [PlaceholderAPI] Successfully registered external expansion: vault [1.8.3]
[14:40:20] [Server thread/INFO]: [PlaceholderAPI] Successfully registered external expansion: team [1.2]
[14:40:20] [Server thread/INFO]: [PlaceholderAPI] Successfully registered external expansion: player [2.0.8]
[14:40:20] [Server thread/INFO]: [PlaceholderAPI] Successfully registered external expansion: objective [4.2.0]
[14:40:20] [Server thread/INFO]: [PlaceholderAPI] Successfully registered external expansion: luckperms [5.4-R2]
[14:40:20] [Server thread/INFO]: [PlaceholderAPI] Successfully registered external expansion: statistic [2.0.2]
[14:40:20] [Server thread/INFO]: [PlaceholderAPI] Successfully registered external expansion: griefprevention [1.7.0]
[14:40:20] [Server thread/INFO]: [PlaceholderAPI] Successfully registered external expansion: server [2.7.3]
[14:40:20] [Server thread/INFO]: 11 placeholder hook(s) registered!
[14:40:20] [Server thread/INFO]: [ViaVersion] You are running a development version of the plugin, please report any bugs to GitHub.
[14:40:20] [Server thread/INFO]: Done (62.407s)! For help, type "help"
[14:40:20] [Craft Scheduler Thread - 7 - Essentials/WARN]: [Essentials] You're 51 EssentialsX dev build(s) out of date!
[14:40:20] [Craft Scheduler Thread - 7 - Essentials/WARN]: [Essentials] Download it here: https://essentialsx.net/downloads.html
[14:40:29] [User Authenticator #0/INFO]: UUID of player Tillu_Tufani is 7958a055-c9d3-32c2-93c1-349d3fde2b0e
[14:40:30] [Server thread/INFO]: Tillu_Tufani joined the game
[14:40:30] [Server thread/INFO]: Tillu_Tufani[/127.58.82.68:57193] logged in with entity id 123 at ([world]-425.7556685719979, 63.0, 590.1609711686973)
[14:41:07] [Server thread/INFO]: Tillu_Tufani issued server command: /spawm
[14:41:13] [Server thread/INFO]: Tillu_Tufani issued server command: /spawn
[14:41:19] [Server thread/INFO]: Environment: Environment[sessionHost=https://sessionserver.mojang.com, servicesHost=https://api.minecraftservices.com, name=PROD]
[14:41:45] [Server thread/INFO]: Tillu_Tufani issued server command: /decentholograms movehere death
[14:42:05] [Server thread/INFO]: Made Tillu_Tufani a server operator
[14:42:10] [Server thread/INFO]: Tillu_Tufani issued server command: /decentholograms movehere death
[14:42:24] [Server thread/INFO]: Tillu_Tufani issued server command: /decentholograms movehere death
[14:42:36] [Server thread/INFO]: Tillu_Tufani issued server command: /decentholograms movehere death
[14:42:50] [Server thread/INFO]: Tillu_Tufani issued server command: /decentholograms movehere death
[14:43:38] [Server thread/INFO]: Tillu_Tufani issued server command: /decentholograms movehere death
[14:43:50] [Server thread/INFO]: Tillu_Tufani issued server command: /decentholograms movehere death
[14:44:10] [Server thread/INFO]: Tillu_Tufani issued server command: /decentholograms movehere kill
[14:44:27] [Server thread/INFO]: Tillu_Tufani issued server command: /decentholograms movehere kill
[14:44:37] [Server thread/INFO]: Tillu_Tufani issued server command: /decentholograms movehere kill
[14:44:54] [Server thread/INFO]: Tillu_Tufani issued server command: /decentholograms movehere death
[14:45:11] [Server thread/INFO]: Tillu_Tufani issued server command: /decentholograms movehere death
[14:45:26] [Server thread/INFO]: Tillu_Tufani issued server command: /decentholograms movehere money
[14:45:37] [Server thread/INFO]: Tillu_Tufani issued server command: /decentholograms movehere money
[14:46:08] [Server thread/INFO]: Tillu_Tufani issued server command: /decentholograms movehere playtime
[14:46:21] [Server thread/INFO]: Tillu_Tufani issued server command: /decentholograms movehere playtime
[14:46:49] [Server thread/INFO]: Tillu_Tufani issued server command: /decentholograms movehere playtime
[14:47:18] [Server thread/INFO]: Tillu_Tufani issued server command: /decentholograms movehere playtime
[14:47:29] [Server thread/INFO]: Tillu_Tufani issued server command: /decentholograms movehere playtime
[14:47:45] [Server thread/INFO]: Tillu_Tufani issued server command: /ajlb reset statistic_deaths
[14:47:49] [Server thread/INFO]: Tillu_Tufani issued server command: /ajlb reset statistic_deaths
[14:48:11] [Server thread/INFO]: Tillu_Tufani issued server command: /ajlb reset statistic_hours_played
[14:48:13] [Server thread/INFO]: Tillu_Tufani issued server command: /ajlb reset statistic_hours_played
[14:48:24] [Server thread/INFO]: Tillu_Tufani issued server command: /ajlb reset statistic_player_kills
[14:48:25] [Server thread/INFO]: Tillu_Tufani issued server command: /ajlb reset statistic_player_kills
[14:48:38] [Server thread/INFO]: Tillu_Tufani issued server command: /ajlb reset vault_eco_balance
[14:48:42] [Server thread/INFO]: Tillu_Tufani issued server command: /ajlb reset vault_eco_balance
[14:50:26] [Server thread/INFO]: Tillu_Tufani lost connection: Disconnected
[14:50:26] [Server thread/INFO]: [Playtime] [STDOUT] Updating player 7958a055-c9d3-32c2-93c1-349d3fde2b0e
[14:50:26] [Server thread/WARN]: Nag author(s): '[Zach_FR]' of 'Playtime v3.0.6' about their usage of System.out/err.print. Please use your plugin's logger instead (JavaPlugin#getLogger).
[14:50:26] [Server thread/INFO]: Tillu_Tufani left the game
[14:54:58] [GeyserServerChild-5-1/INFO]: [Geyser-Spigot] Player connected with username Shashank1509200
[14:54:58] [localSession-8-2/INFO]: [Geyser-Spigot] Shashank1509200 (logged in as: Shashank1509200) has connected to the Java server
[14:54:59] [Server thread/INFO]: [floodgate] Floodgate player logged in as .Shashank1509200 joined (UUID: 00000000-0000-0000-0009-01f09fcfdf06)
[14:54:59] [Server thread/INFO]: .Shashank1509200 joined the game
[14:54:59] [Server thread/INFO]: .Shashank1509200[/127.37.1.18:0] logged in with entity id 780 at ([world]-61.5, 251.0, 118.5)
[14:54:59] [Server thread/INFO]: .Shashank1509200 has made the advancement [Getting an Upgrade]
[14:55:20] [User Authenticator #1/INFO]: UUID of player Tillu_Tufani is 7958a055-c9d3-32c2-93c1-349d3fde2b0e
[14:55:20] [Server thread/INFO]: Tillu_Tufani joined the game
[14:55:20] [Server thread/INFO]: Tillu_Tufani[/127.119.145.134:39747] logged in with entity id 789 at ([world]-71.35126951990105, 251.0, 120.7660625530762)
[14:56:00] [GeyserServerChild-5-1/INFO]: [Geyser-Spigot] Shashank1509200 has disconnected from the Java server because of Bedrock client disconnected
[14:56:00] [Geyser Spigot connection thread-7-3/INFO]: [floodgate] Floodgate player logged in as .Shashank1509200 disconnected
[14:56:00] [Server thread/INFO]: .Shashank1509200 lost connection: Disconnected
[14:56:00] [Server thread/INFO]: [Playtime] [STDOUT] Updating player 00000000-0000-0000-0009-01f09fcfdf06
[14:56:00] [Server thread/WARN]: Nag author(s): '[Zach_FR]' of 'Playtime v3.0.6' about their usage of System.out/err.print. Please use your plugin's logger instead (JavaPlugin#getLogger).
[14:56:00] [Server thread/INFO]: .Shashank1509200 left the game
[15:07:17] [Server console handler/ERROR]: Caught previously unhandled exception :
java.io.IOError: java.io.IOException: Input/output error
	at org.jline.keymap.BindingReader.readCharacter(BindingReader.java:170) ~[jline-reader-3.20.0.jar:?]
	at org.jline.keymap.BindingReader.readBinding(BindingReader.java:110) ~[jline-reader-3.20.0.jar:?]
	at org.jline.keymap.BindingReader.readBinding(BindingReader.java:61) ~[jline-reader-3.20.0.jar:?]
	at org.jline.reader.impl.LineReaderImpl.doReadBinding(LineReaderImpl.java:923) ~[jline-reader-3.20.0.jar:?]
	at org.jline.reader.impl.LineReaderImpl.readBinding(LineReaderImpl.java:956) ~[jline-reader-3.20.0.jar:?]
	at org.jline.reader.impl.LineReaderImpl.readLine(LineReaderImpl.java:651) ~[jline-reader-3.20.0.jar:?]
	at org.jline.reader.impl.LineReaderImpl.readLine(LineReaderImpl.java:468) ~[jline-reader-3.20.0.jar:?]
	at net.minecrell.terminalconsole.SimpleTerminalConsole.readCommands(SimpleTerminalConsole.java:158) ~[terminalconsoleappender-1.3.0.jar:?]
	at net.minecrell.terminalconsole.SimpleTerminalConsole.start(SimpleTerminalConsole.java:141) ~[terminalconsoleappender-1.3.0.jar:?]
	at net.minecraft.server.dedicated.DedicatedServer$1.run(DedicatedServer.java:109) ~[paper-1.21.4.jar:1.21.4-231-09e9afd]
Caused by: java.io.IOException: Input/output error
	at java.base/java.io.FileInputStream.read0(Native Method) ~[?:?]
	at java.base/java.io.FileInputStream.read(FileInputStream.java:231) ~[?:?]
	at java.base/java.io.FilterInputStream.read(FilterInputStream.java:71) ~[?:?]
	at org.jline.terminal.impl.AbstractPty$1.read(AbstractPty.java:58) ~[jline-terminal-3.27.1.jar:?]
	at org.jline.terminal.impl.AbstractPty$PtyInputStream.read(AbstractPty.java:124) ~[jline-terminal-3.27.1.jar:?]
	at org.jline.utils.NonBlockingInputStream.read(NonBlockingInputStream.java:62) ~[jline-terminal-3.27.1.jar:?]
	at org.jline.utils.NonBlocking$NonBlockingInputStreamReader.read(NonBlocking.java:157) ~[jline-terminal-3.27.1.jar:?]
	at org.jline.utils.NonBlockingReader.read(NonBlockingReader.java:56) ~[jline-terminal-3.27.1.jar:?]
	at org.jline.keymap.BindingReader.readCharacter(BindingReader.java:160) ~[jline-reader-3.20.0.jar:?]
	... 9 more
[15:07:17] [Server thread/INFO]: Tillu_Tufani lost connection: Disconnected
[15:07:17] [Server thread/INFO]: [Playtime] [STDOUT] Updating player 7958a055-c9d3-32c2-93c1-349d3fde2b0e
[15:07:17] [Server thread/WARN]: Nag author(s): '[Zach_FR]' of 'Playtime v3.0.6' about their usage of System.out/err.print. Please use your plugin's logger instead (JavaPlugin#getLogger).
[15:07:17] [Server thread/INFO]: Tillu_Tufani left the game
